<?xml version="1.0" encoding="UTF-8"?>
<!-- Generated by org.testng.reporters.JUnitXMLReporter -->
<testsuite ignored="0" hostname="Jacobo_Lenovo" failures="0" tests="3" name="Test" time="11.833" errors="0" timestamp="2022-09-16T18:38:40 CDT">
  <testcase classname="com.udemy.demo1.TestClass1" name="test1" time="4.855"/>
  <testcase classname="com.udemy.demo1.TestClass1" name="test2" time="2.071"/>
  <testcase classname="com.udemy.demo1.TestClass1" name="test3" time="2.121"/>
</testsuite> <!-- Test -->
