<?xml version="1.0" encoding="UTF-8"?>
<testng-results ignored="0" total="3" passed="3" failed="0" skipped="0">
  <reporter-output>
  </reporter-output>
  <suite started-at="2022-09-16T18:38:28 CDT" name="Suite" finished-at="2022-09-16T18:38:40 CDT" duration-ms="11833">
    <groups>
    </groups>
    <test started-at="2022-09-16T18:38:28 CDT" name="Test" finished-at="2022-09-16T18:38:40 CDT" duration-ms="11833">
      <class name="com.udemy.demo1.TestClass1">
        <test-method is-config="true" signature="launchDriver()[pri:0, instance:com.udemy.demo1.TestClass1@58e1d9d]" started-at="2022-09-16T18:38:28 CDT" name="launchDriver" finished-at="2022-09-16T18:38:29 CDT" duration-ms="1250" status="PASS">
          <reporter-output>
          </reporter-output>
        </test-method> <!-- launchDriver -->
        <test-method signature="test1()[pri:0, instance:com.udemy.demo1.TestClass1@58e1d9d]" started-at="2022-09-16T18:38:29 CDT" name="test1" finished-at="2022-09-16T18:38:34 CDT" duration-ms="4855" status="PASS">
          <reporter-output>
          </reporter-output>
        </test-method> <!-- test1 -->
        <test-method is-config="true" signature="quit()[pri:0, instance:com.udemy.demo1.TestClass1@58e1d9d]" started-at="2022-09-16T18:38:34 CDT" name="quit" finished-at="2022-09-16T18:38:34 CDT" duration-ms="142" status="PASS">
          <reporter-output>
          </reporter-output>
        </test-method> <!-- quit -->
        <test-method is-config="true" signature="launchDriver()[pri:0, instance:com.udemy.demo1.TestClass1@58e1d9d]" started-at="2022-09-16T18:38:34 CDT" name="launchDriver" finished-at="2022-09-16T18:38:35 CDT" duration-ms="559" status="PASS">
          <reporter-output>
          </reporter-output>
        </test-method> <!-- launchDriver -->
        <test-method signature="test2()[pri:0, instance:com.udemy.demo1.TestClass1@58e1d9d]" started-at="2022-09-16T18:38:35 CDT" name="test2" finished-at="2022-09-16T18:38:37 CDT" duration-ms="2071" status="PASS">
          <reporter-output>
          </reporter-output>
        </test-method> <!-- test2 -->
        <test-method is-config="true" signature="quit()[pri:0, instance:com.udemy.demo1.TestClass1@58e1d9d]" started-at="2022-09-16T18:38:37 CDT" name="quit" finished-at="2022-09-16T18:38:37 CDT" duration-ms="125" status="PASS">
          <reporter-output>
          </reporter-output>
        </test-method> <!-- quit -->
        <test-method is-config="true" signature="launchDriver()[pri:0, instance:com.udemy.demo1.TestClass1@58e1d9d]" started-at="2022-09-16T18:38:37 CDT" name="launchDriver" finished-at="2022-09-16T18:38:37 CDT" duration-ms="546" status="PASS">
          <reporter-output>
          </reporter-output>
        </test-method> <!-- launchDriver -->
        <test-method signature="test3()[pri:0, instance:com.udemy.demo1.TestClass1@58e1d9d]" started-at="2022-09-16T18:38:37 CDT" name="test3" finished-at="2022-09-16T18:38:39 CDT" duration-ms="2121" status="PASS">
          <reporter-output>
          </reporter-output>
        </test-method> <!-- test3 -->
        <test-method is-config="true" signature="quit()[pri:0, instance:com.udemy.demo1.TestClass1@58e1d9d]" started-at="2022-09-16T18:38:39 CDT" name="quit" finished-at="2022-09-16T18:38:40 CDT" duration-ms="115" status="PASS">
          <reporter-output>
          </reporter-output>
        </test-method> <!-- quit -->
      </class> <!-- com.udemy.demo1.TestClass1 -->
    </test> <!-- Test -->
  </suite> <!-- Suite -->
</testng-results>
